0 info it worked if it ends with ok
1 verbose cli [ 'E:\\nodejs\\node.exe',
1 verbose cli   'C:\\Users\\Альберт\\AppData\\Roaming\\npm\\node_modules\\npm\\bin\\npm-cli.js',
1 verbose cli   'search',
1 verbose cli   'gulp-sourcemap' ]
2 info using npm@3.10.9
3 info using node@v7.0.0
4 silly mapToRegistry name -/all
5 silly mapToRegistry using default registry
6 silly mapToRegistry registry https://registry.npmjs.org/
7 silly mapToRegistry data Result {
7 silly mapToRegistry   raw: '-/all',
7 silly mapToRegistry   scope: null,
7 silly mapToRegistry   escapedName: null,
7 silly mapToRegistry   name: null,
7 silly mapToRegistry   rawSpec: '-/all',
7 silly mapToRegistry   spec: '-/all',
7 silly mapToRegistry   type: 'local' }
8 silly mapToRegistry uri https://registry.npmjs.org/-/all
9 info updateIndex C:\Users\Альберт\AppData\Roaming\npm-cache\registry.npmjs.org\-\all\.cache.json
10 verbose correctMkdir C:\Users\Альберт\AppData\Roaming\npm-cache correctMkdir not in flight; initializing
11 verbose stack TypeError: Cannot read property '_updated' of undefined
11 verbose stack     at C:\Users\Альберт\AppData\Roaming\npm\node_modules\npm\lib\cache\update-index.js:61:26
11 verbose stack     at C:\Users\Альберт\AppData\Roaming\npm\node_modules\npm\node_modules\graceful-fs\polyfills.js:241:18
11 verbose stack     at FSReqWrap.oncomplete (fs.js:111:15)
12 verbose cwd C:\Users\Альберт\Desktop\Projects\Cake\src\styles
13 error Windows_NT 10.0.14931
14 error argv "E:\\nodejs\\node.exe" "C:\\Users\\Альберт\\AppData\\Roaming\\npm\\node_modules\\npm\\bin\\npm-cli.js" "search" "gulp-sourcemap"
15 error node v7.0.0
16 error npm  v3.10.9
17 error Cannot read property '_updated' of undefined
18 error If you need help, you may report this error at:
18 error     <https://github.com/npm/npm/issues>
19 verbose exit [ 1, true ]
